<?xml version="1.0" encoding="UTF-8"?>
<!-- Generated by org.testng.reporters.JUnitXMLReporter -->
<testsuite ignored="0" hostname="CISPL-IO-72" failures="0" tests="3" name="Crossbrowser" time="74.567" errors="0" timestamp="2024-10-07T15:49:00 IST">
  <testcase classname="Testpackage.Demo2024" name="gettite" time="68.088"/>
  <testcase classname="Testpackage.Demoedge" name="gettite" time="70.942"/>
  <testcase classname="Testpackage.Demofirefox" name="gettite" time="74.093"/>
</testsuite> <!-- Crossbrowser -->
