<?xml version="1.0" encoding="UTF-8"?>
<testng-results ignored="0" total="1" passed="0" failed="1" skipped="0">
  <reporter-output>
  </reporter-output>
  <suite started-at="2024-10-09T15:02:17 IST" name="Default suite" finished-at="2024-10-09T15:02:45 IST" duration-ms="28174">
    <groups>
    </groups>
    <test started-at="2024-10-09T15:02:17 IST" name="Default test" finished-at="2024-10-09T15:02:45 IST" duration-ms="28174">
      <class name="Testpackage.Demo2024">
        <test-method is-config="true" signature="setup()[pri:0, instance:Testpackage.Demo2024@65b3f4a4]" started-at="2024-10-09T15:01:47 IST" name="setup" finished-at="2024-10-09T15:02:17 IST" duration-ms="29345" status="PASS">
          <reporter-output>
          </reporter-output>
        </test-method> <!-- setup -->
        <test-method signature="gettitle()[pri:0, instance:Testpackage.Demo2024@65b3f4a4]" started-at="2024-10-09T15:02:17 IST" name="gettitle" finished-at="2024-10-09T15:02:45 IST" duration-ms="28038" status="FAIL">
          <exception class="org.openqa.selenium.ElementClickInterceptedException">
            <message>
              <![CDATA[element click intercepted: Element <input class="form-check-input" type="checkbox" value="" id="sameShippingBilling" name="billShipSame" checked=""> is not clickable at point (258, 541). Other element would receive the click: <div class="w_desc">...</div>
  (Session info: chrome=129.0.6668.90)
Build info: version: '4.25.0', revision: '030fcf7918'
System info: os.name: 'Windows 10', os.arch: 'amd64', os.version: '10.0', java.version: '23'
Driver info: org.openqa.selenium.chrome.ChromeDriver
Command: [761a3f445ff960ff09f706011df6e644, clickElement {id=f.BDCEE67D9885844EE2873145267D79C6.d.7A9407B9931BEFE99E4084379A5C3A7B.e.65}]
Capabilities {acceptInsecureCerts: false, browserName: chrome, browserVersion: 129.0.6668.90, chrome: {chromedriverVersion: 129.0.6668.91 (b00bc8b76d60..., userDataDir: C:\Users\CODECL~2\AppData\L...}, fedcm:accounts: true, goog:chromeOptions: {debuggerAddress: localhost:55578}, networkConnectionEnabled: false, pageLoadStrategy: normal, platformName: windows, proxy: Proxy(), se:cdp: ws://localhost:55578/devtoo..., se:cdpVersion: 129.0.6668.90, setWindowRect: true, strictFileInteractability: false, timeouts: {implicit: 0, pageLoad: 300000, script: 30000}, unhandledPromptBehavior: dismiss and notify, webauthn:extension:credBlob: true, webauthn:extension:largeBlob: true, webauthn:extension:minPinLength: true, webauthn:extension:prf: true, webauthn:virtualAuthenticators: true}
Element: [[ChromeDriver: chrome on windows (761a3f445ff960ff09f706011df6e644)] -> xpath: //input[@id='sameShippingBilling']]
Session ID: 761a3f445ff960ff09f706011df6e644]]>
            </message>
            <full-stacktrace>
              <![CDATA[org.openqa.selenium.ElementClickInterceptedException: element click intercepted: Element <input class="form-check-input" type="checkbox" value="" id="sameShippingBilling" name="billShipSame" checked=""> is not clickable at point (258, 541). Other element would receive the click: <div class="w_desc">...</div>
  (Session info: chrome=129.0.6668.90)
Build info: version: '4.25.0', revision: '030fcf7918'
System info: os.name: 'Windows 10', os.arch: 'amd64', os.version: '10.0', java.version: '23'
Driver info: org.openqa.selenium.chrome.ChromeDriver
Command: [761a3f445ff960ff09f706011df6e644, clickElement {id=f.BDCEE67D9885844EE2873145267D79C6.d.7A9407B9931BEFE99E4084379A5C3A7B.e.65}]
Capabilities {acceptInsecureCerts: false, browserName: chrome, browserVersion: 129.0.6668.90, chrome: {chromedriverVersion: 129.0.6668.91 (b00bc8b76d60..., userDataDir: C:\Users\CODECL~2\AppData\L...}, fedcm:accounts: true, goog:chromeOptions: {debuggerAddress: localhost:55578}, networkConnectionEnabled: false, pageLoadStrategy: normal, platformName: windows, proxy: Proxy(), se:cdp: ws://localhost:55578/devtoo..., se:cdpVersion: 129.0.6668.90, setWindowRect: true, strictFileInteractability: false, timeouts: {implicit: 0, pageLoad: 300000, script: 30000}, unhandledPromptBehavior: dismiss and notify, webauthn:extension:credBlob: true, webauthn:extension:largeBlob: true, webauthn:extension:minPinLength: true, webauthn:extension:prf: true, webauthn:virtualAuthenticators: true}
Element: [[ChromeDriver: chrome on windows (761a3f445ff960ff09f706011df6e644)] -> xpath: //input[@id='sameShippingBilling']]
Session ID: 761a3f445ff960ff09f706011df6e644
at java.base/jdk.internal.reflect.DirectConstructorHandleAccessor.newInstance(DirectConstructorHandleAccessor.java:62)
at java.base/java.lang.reflect.Constructor.newInstanceWithCaller(Constructor.java:501)
at java.base/java.lang.reflect.Constructor.newInstance(Constructor.java:485)
at org.openqa.selenium.remote.ErrorCodec.decode(ErrorCodec.java:167)
at org.openqa.selenium.remote.codec.w3c.W3CHttpResponseCodec.decode(W3CHttpResponseCodec.java:138)
at org.openqa.selenium.remote.codec.w3c.W3CHttpResponseCodec.decode(W3CHttpResponseCodec.java:50)
at org.openqa.selenium.remote.HttpCommandExecutor.execute(HttpCommandExecutor.java:190)
at org.openqa.selenium.remote.service.DriverCommandExecutor.invokeExecute(DriverCommandExecutor.java:216)
at org.openqa.selenium.remote.service.DriverCommandExecutor.execute(DriverCommandExecutor.java:174)
at org.openqa.selenium.remote.RemoteWebDriver.execute(RemoteWebDriver.java:545)
at org.openqa.selenium.remote.RemoteWebElement.execute(RemoteWebElement.java:223)
at org.openqa.selenium.remote.RemoteWebElement.click(RemoteWebElement.java:76)
at Project1.Project1.Formfillup.getform(Formfillup.java:68)
at Testpackage.Demo2024.gettitle(Demo2024.java:60)
at java.base/jdk.internal.reflect.DirectMethodHandleAccessor.invoke(DirectMethodHandleAccessor.java:103)
at java.base/java.lang.reflect.Method.invoke(Method.java:580)
at org.testng.internal.invokers.MethodInvocationHelper.invokeMethod(MethodInvocationHelper.java:141)
at org.testng.internal.invokers.TestInvoker.invokeMethod(TestInvoker.java:686)
at org.testng.internal.invokers.TestInvoker.invokeTestMethod(TestInvoker.java:230)
at org.testng.internal.invokers.MethodRunner.runInSequence(MethodRunner.java:63)
at org.testng.internal.invokers.TestInvoker$MethodInvocationAgent.invoke(TestInvoker.java:992)
at org.testng.internal.invokers.TestInvoker.invokeTestMethods(TestInvoker.java:203)
at org.testng.internal.invokers.TestMethodWorker.invokeTestMethods(TestMethodWorker.java:154)
at org.testng.internal.invokers.TestMethodWorker.run(TestMethodWorker.java:134)
at java.base/java.util.ArrayList.forEach(ArrayList.java:1597)
at org.testng.TestRunner.privateRun(TestRunner.java:739)
at org.testng.TestRunner.run(TestRunner.java:614)
at org.testng.SuiteRunner.runTest(SuiteRunner.java:421)
at org.testng.SuiteRunner.runSequentially(SuiteRunner.java:413)
at org.testng.SuiteRunner.privateRun(SuiteRunner.java:373)
at org.testng.SuiteRunner.run(SuiteRunner.java:312)
at org.testng.SuiteRunnerWorker.runSuite(SuiteRunnerWorker.java:52)
at org.testng.SuiteRunnerWorker.run(SuiteRunnerWorker.java:95)
at org.testng.TestNG.runSuitesSequentially(TestNG.java:1274)
at org.testng.TestNG.runSuitesLocally(TestNG.java:1208)
at org.testng.TestNG.runSuites(TestNG.java:1112)
at org.testng.TestNG.run(TestNG.java:1079)
at org.testng.remote.AbstractRemoteTestNG.run(AbstractRemoteTestNG.java:115)
at org.testng.remote.RemoteTestNG.initAndRun(RemoteTestNG.java:293)
at org.testng.remote.RemoteTestNG.main(RemoteTestNG.java:91)
]]>
            </full-stacktrace>
          </exception> <!-- org.openqa.selenium.ElementClickInterceptedException -->
          <reporter-output>
          </reporter-output>
        </test-method> <!-- gettitle -->
        <test-method is-config="true" signature="teardown()[pri:0, instance:Testpackage.Demo2024@65b3f4a4]" started-at="2024-10-09T15:02:45 IST" name="teardown" finished-at="2024-10-09T15:02:45 IST" duration-ms="508" status="PASS">
          <reporter-output>
          </reporter-output>
        </test-method> <!-- teardown -->
      </class> <!-- Testpackage.Demo2024 -->
    </test> <!-- Default test -->
  </suite> <!-- Default suite -->
</testng-results>
